[debug] [2022-02-07T05:51:52.227Z] ----------------------------------------------------------------------
[debug] [2022-02-07T05:51:52.228Z] Command:       C:\Program Files\nodejs\node.exe C:\Users\Atulya\AppData\Roaming\npm\node_modules\firebase-tools\lib\bin\firebase.js emulators:start
[debug] [2022-02-07T05:51:52.229Z] CLI Version:   10.1.4
[debug] [2022-02-07T05:51:52.229Z] Platform:      win32
[debug] [2022-02-07T05:51:52.229Z] Node Version:  v16.13.1
[debug] [2022-02-07T05:51:52.229Z] Time:          Mon Feb 07 2022 11:21:52 GMT+0530 (India Standard Time)
[debug] [2022-02-07T05:51:52.230Z] ----------------------------------------------------------------------
[debug] 
[debug] [2022-02-07T05:51:52.291Z] > command requires scopes: ["email","openid","https://www.googleapis.com/auth/cloudplatformprojects.readonly","https://www.googleapis.com/auth/firebase","https://www.googleapis.com/auth/cloud-platform"]
[debug] [2022-02-07T05:51:52.291Z] > authorizing via signed-in user (rajatulya2000r@gmail.com)
[info] i  emulators: Starting emulators: functions, hosting {"metadata":{"emulator":{"name":"hub"},"message":"Starting emulators: functions, hosting"}}
[warn] !  emulators: It seems that you are running multiple instances of the emulator suite for project essentials-dee90. This may result in unexpected behavior. 
[debug] [2022-02-07T05:51:52.326Z] [hub] writing locator at C:\Users\Atulya\AppData\Local\Temp\hub-essentials-dee90.json
[warn] !  functions: The following emulators are not running, calls to these services from the Functions emulator will affect production: auth, firestore, database, pubsub, storage {"metadata":{"emulator":{"name":"functions"},"message":"The following emulators are not running, calls to these services from the Functions emulator will affect production: \u001b[1mauth, firestore, database, pubsub, storage\u001b[22m"}}
[info] +  functions: Using node@16 from host. {"metadata":{"emulator":{"name":"functions"},"message":"Using node@16 from host."}}
[debug] [2022-02-07T05:51:52.345Z] defaultcredentials: writing to file C:\Users\Atulya\AppData\Roaming\firebase\rajatulya2000r_gmail_com_application_default_credentials.json
[debug] [2022-02-07T05:51:52.347Z] Setting GAC to C:\Users\Atulya\AppData\Roaming\firebase\rajatulya2000r_gmail_com_application_default_credentials.json {"metadata":{"emulator":{"name":"functions"},"message":"Setting GAC to C:\\Users\\Atulya\\AppData\\Roaming\\firebase\\rajatulya2000r_gmail_com_application_default_credentials.json"}}
[debug] [2022-02-07T05:51:52.350Z] >>> [apiv2][query] GET https://firebase.googleapis.com/v1beta1/projects/essentials-dee90/adminSdkConfig [none]
[debug] [2022-02-07T05:51:52.843Z] <<< [apiv2][status] GET https://firebase.googleapis.com/v1beta1/projects/essentials-dee90/adminSdkConfig 200
[debug] [2022-02-07T05:51:52.843Z] <<< [apiv2][body] GET https://firebase.googleapis.com/v1beta1/projects/essentials-dee90/adminSdkConfig {"projectId":"essentials-dee90","storageBucket":"essentials-dee90.appspot.com"}
[debug] [2022-02-07T05:51:52.855Z] >>> [apiv2][query] GET https://firebasehosting.googleapis.com/v1beta1/projects/essentials-dee90/sites 
[debug] [2022-02-07T05:51:54.520Z] <<< [apiv2][status] GET https://firebasehosting.googleapis.com/v1beta1/projects/essentials-dee90/sites 200
[debug] [2022-02-07T05:51:54.520Z] <<< [apiv2][body] GET https://firebasehosting.googleapis.com/v1beta1/projects/essentials-dee90/sites {"sites":[{"name":"projects/805049153557/sites/essentials-dee90","defaultUrl":"https://essentials-dee90.web.app","appId":"1:805049153557:web:5d6f441d7175ca8a53f61c","type":"DEFAULT_SITE"}]}
[debug] [2022-02-07T05:51:54.520Z] >>> [apiv2][query] GET https://firebase.googleapis.com/v1beta1/projects/essentials-dee90/webApps/1:805049153557:web:5d6f441d7175ca8a53f61c/config [none]
[debug] [2022-02-07T05:51:55.890Z] <<< [apiv2][status] GET https://firebase.googleapis.com/v1beta1/projects/essentials-dee90/webApps/1:805049153557:web:5d6f441d7175ca8a53f61c/config 200
[debug] [2022-02-07T05:51:55.890Z] <<< [apiv2][body] GET https://firebase.googleapis.com/v1beta1/projects/essentials-dee90/webApps/1:805049153557:web:5d6f441d7175ca8a53f61c/config {"projectId":"essentials-dee90","appId":"1:805049153557:web:5d6f441d7175ca8a53f61c","storageBucket":"essentials-dee90.appspot.com","apiKey":"AIzaSyC1FJvLy9UtMVl7UgWK2Uv4eLPr1fV4hCI","authDomain":"essentials-dee90.firebaseapp.com","messagingSenderId":"805049153557","measurementId":"G-JFTTLTRPSK"}
[info] i  hosting: Serving hosting files from: build {"metadata":{"emulator":{"name":"hosting"},"message":"Serving hosting files from: \u001b[1mbuild\u001b[22m"}}
[info] +  hosting: Local server: http://localhost:5000 {"metadata":{"emulator":{"name":"hosting"},"message":"Local server: \u001b[4m\u001b[1mhttp://localhost:5000\u001b[22m\u001b[24m"}}
[warn] !  ui: Emulator UI unable to start on port 4000, starting on 4001 instead. {"metadata":{"emulator":{"name":"ui"},"message":"Emulator UI unable to start on port 4000, starting on 4001 instead."}}
[debug] [2022-02-07T05:51:55.943Z] Ignoring unsupported arg: auto_download {"metadata":{"emulator":{"name":"ui"},"message":"Ignoring unsupported arg: auto_download"}}
[debug] [2022-02-07T05:51:55.944Z] Ignoring unsupported arg: port {"metadata":{"emulator":{"name":"ui"},"message":"Ignoring unsupported arg: port"}}
[debug] [2022-02-07T05:51:55.944Z] Starting Emulator UI with command {"binary":"node","args":["C:\\Users\\Atulya\\.cache\\firebase\\emulators\\ui-v1.6.4\\server.bundle.js"],"optionalArgs":[],"joinArgs":false} {"metadata":{"emulator":{"name":"ui"},"message":"Starting Emulator UI with command {\"binary\":\"node\",\"args\":[\"C:\\\\Users\\\\Atulya\\\\.cache\\\\firebase\\\\emulators\\\\ui-v1.6.4\\\\server.bundle.js\"],\"optionalArgs\":[],\"joinArgs\":false}"}}
[info] i  ui: Emulator UI logging to ui-debug.log {"metadata":{"emulator":{"name":"ui"},"message":"Emulator UI logging to \u001b[1mui-debug.log\u001b[22m"}}
[debug] [2022-02-07T05:51:56.071Z] Web / API server started at localhost:4001
 {"metadata":{"emulator":{"name":"ui"},"message":"Web / API server started at localhost:4001\n"}}
[info] i  functions: Watching "D:\Project 7th sem\Essesntials\essentials\functions" for Cloud Functions... {"metadata":{"emulator":{"name":"functions"},"message":"Watching \"D:\\Project 7th sem\\Essesntials\\essentials\\functions\" for Cloud Functions..."}}
[debug] [2022-02-07T05:51:56.230Z] [worker-pool] addWorker(~diagnostic~) {"metadata":{"emulator":{"name":"functions"},"message":"[worker-pool] addWorker(~diagnostic~)"}}
[debug] [2022-02-07T05:51:56.230Z] [worker-pool] Adding worker with key ~diagnostic~, total=1 {"metadata":{"emulator":{"name":"functions"},"message":"[worker-pool] Adding worker with key ~diagnostic~, total=1"}}
[debug] [2022-02-07T05:51:56.230Z] [worker-pool] submitWork(triggerId=) {"metadata":{"emulator":{"name":"functions"},"message":"[worker-pool] submitWork(triggerId=)"}}
[debug] [2022-02-07T05:51:56.230Z] [worker-~diagnostic~-84a004ca-cd41-4bc2-9f43-2115b47d2211]: Assigning socketPath: \\?\pipe\D:\Project 7th sem\Essesntials\essentials\functions\15948 {"metadata":{"emulator":{"name":"functions"},"message":"[worker-~diagnostic~-84a004ca-cd41-4bc2-9f43-2115b47d2211]: Assigning socketPath: \\\\?\\pipe\\D:\\Project 7th sem\\Essesntials\\essentials\\functions\\15948"}}
[debug] [2022-02-07T05:51:56.231Z] [worker-~diagnostic~-84a004ca-cd41-4bc2-9f43-2115b47d2211]: BUSY {"metadata":{"emulator":{"name":"functions"},"message":"[worker-~diagnostic~-84a004ca-cd41-4bc2-9f43-2115b47d2211]: BUSY"}}
[debug] [2022-02-07T05:51:56.423Z] [runtime-status] [15948] Functions runtime initialized. {"cwd":"D:\\Project 7th sem\\Essesntials\\essentials\\functions","node_version":"16.13.1"} {"metadata":{"emulator":{"name":"functions"},"message":"[runtime-status] [15948] Functions runtime initialized. {\"cwd\":\"D:\\\\Project 7th sem\\\\Essesntials\\\\essentials\\\\functions\",\"node_version\":\"16.13.1\"}"}}
[debug] [2022-02-07T05:51:56.424Z] [runtime-status] [15948] Disabled runtime features: undefined {"metadata":{"emulator":{"name":"functions"},"message":"[runtime-status] [15948] Disabled runtime features: undefined"}}
[debug] [2022-02-07T05:51:56.427Z] [runtime-status] [15948] Resolved module firebase-admin {"declared":true,"installed":true,"version":"9.12.0","resolution":"D:\\Project 7th sem\\Essesntials\\essentials\\functions\\node_modules\\firebase-admin\\lib\\index.js"} {"metadata":{"emulator":{"name":"functions"},"message":"[runtime-status] [15948] Resolved module firebase-admin {\"declared\":true,\"installed\":true,\"version\":\"9.12.0\",\"resolution\":\"D:\\\\Project 7th sem\\\\Essesntials\\\\essentials\\\\functions\\\\node_modules\\\\firebase-admin\\\\lib\\\\index.js\"}"}}
[debug] [2022-02-07T05:51:56.431Z] [runtime-status] [15948] Resolved module firebase-functions {"declared":true,"installed":true,"version":"3.17.1","resolution":"D:\\Project 7th sem\\Essesntials\\essentials\\functions\\node_modules\\firebase-functions\\lib\\index.js"} {"metadata":{"emulator":{"name":"functions"},"message":"[runtime-status] [15948] Resolved module firebase-functions {\"declared\":true,\"installed\":true,\"version\":\"3.17.1\",\"resolution\":\"D:\\\\Project 7th sem\\\\Essesntials\\\\essentials\\\\functions\\\\node_modules\\\\firebase-functions\\\\lib\\\\index.js\"}"}}
[debug] [2022-02-07T05:51:56.432Z] [runtime-status] [15948] Outgoing network have been stubbed. [{"name":"http","status":"mocked"},{"name":"http","status":"mocked"},{"name":"https","status":"mocked"},{"name":"https","status":"mocked"},{"name":"net","status":"mocked"}] {"metadata":{"emulator":{"name":"functions"},"message":"[runtime-status] [15948] Outgoing network have been stubbed. [{\"name\":\"http\",\"status\":\"mocked\"},{\"name\":\"http\",\"status\":\"mocked\"},{\"name\":\"https\",\"status\":\"mocked\"},{\"name\":\"https\",\"status\":\"mocked\"},{\"name\":\"net\",\"status\":\"mocked\"}]"}}
[debug] [2022-02-07T05:51:56.434Z] [runtime-status] [15948] Resolved module firebase-functions {"declared":true,"installed":true,"version":"3.17.1","resolution":"D:\\Project 7th sem\\Essesntials\\essentials\\functions\\node_modules\\firebase-functions\\lib\\index.js"} {"metadata":{"emulator":{"name":"functions"},"message":"[runtime-status] [15948] Resolved module firebase-functions {\"declared\":true,\"installed\":true,\"version\":\"3.17.1\",\"resolution\":\"D:\\\\Project 7th sem\\\\Essesntials\\\\essentials\\\\functions\\\\node_modules\\\\firebase-functions\\\\lib\\\\index.js\"}"}}
[debug] [2022-02-07T05:51:56.495Z] [runtime-status] [15948] Checked functions.config() {"config":{}} {"metadata":{"emulator":{"name":"functions"},"message":"[runtime-status] [15948] Checked functions.config() {\"config\":{}}"}}
[debug] [2022-02-07T05:51:56.495Z] [runtime-status] [15948] firebase-functions has been stubbed. {"functionsResolution":{"declared":true,"installed":true,"version":"3.17.1","resolution":"D:\\Project 7th sem\\Essesntials\\essentials\\functions\\node_modules\\firebase-functions\\lib\\index.js"}} {"metadata":{"emulator":{"name":"functions"},"message":"[runtime-status] [15948] firebase-functions has been stubbed. {\"functionsResolution\":{\"declared\":true,\"installed\":true,\"version\":\"3.17.1\",\"resolution\":\"D:\\\\Project 7th sem\\\\Essesntials\\\\essentials\\\\functions\\\\node_modules\\\\firebase-functions\\\\lib\\\\index.js\"}}"}}
[debug] [2022-02-07T05:51:56.497Z] [runtime-status] [15948] Resolved module firebase-functions {"declared":true,"installed":true,"version":"3.17.1","resolution":"D:\\Project 7th sem\\Essesntials\\essentials\\functions\\node_modules\\firebase-functions\\lib\\index.js"} {"metadata":{"emulator":{"name":"functions"},"message":"[runtime-status] [15948] Resolved module firebase-functions {\"declared\":true,\"installed\":true,\"version\":\"3.17.1\",\"resolution\":\"D:\\\\Project 7th sem\\\\Essesntials\\\\essentials\\\\functions\\\\node_modules\\\\firebase-functions\\\\lib\\\\index.js\"}"}}
[debug] [2022-02-07T05:51:56.499Z] [runtime-status] [15948] Resolved module firebase-admin {"declared":true,"installed":true,"version":"9.12.0","resolution":"D:\\Project 7th sem\\Essesntials\\essentials\\functions\\node_modules\\firebase-admin\\lib\\index.js"} {"metadata":{"emulator":{"name":"functions"},"message":"[runtime-status] [15948] Resolved module firebase-admin {\"declared\":true,\"installed\":true,\"version\":\"9.12.0\",\"resolution\":\"D:\\\\Project 7th sem\\\\Essesntials\\\\essentials\\\\functions\\\\node_modules\\\\firebase-admin\\\\lib\\\\index.js\"}"}}
[debug] [2022-02-07T05:51:56.500Z] [runtime-status] [15948] Resolved module firebase-functions {"declared":true,"installed":true,"version":"3.17.1","resolution":"D:\\Project 7th sem\\Essesntials\\essentials\\functions\\node_modules\\firebase-functions\\lib\\index.js"} {"metadata":{"emulator":{"name":"functions"},"message":"[runtime-status] [15948] Resolved module firebase-functions {\"declared\":true,\"installed\":true,\"version\":\"3.17.1\",\"resolution\":\"D:\\\\Project 7th sem\\\\Essesntials\\\\essentials\\\\functions\\\\node_modules\\\\firebase-functions\\\\lib\\\\index.js\"}"}}
[debug] [2022-02-07T05:51:56.500Z] [runtime-status] [15948] firebase-admin has been stubbed. {"adminResolution":{"declared":true,"installed":true,"version":"9.12.0","resolution":"D:\\Project 7th sem\\Essesntials\\essentials\\functions\\node_modules\\firebase-admin\\lib\\index.js"}} {"metadata":{"emulator":{"name":"functions"},"message":"[runtime-status] [15948] firebase-admin has been stubbed. {\"adminResolution\":{\"declared\":true,\"installed\":true,\"version\":\"9.12.0\",\"resolution\":\"D:\\\\Project 7th sem\\\\Essesntials\\\\essentials\\\\functions\\\\node_modules\\\\firebase-admin\\\\lib\\\\index.js\"}}"}}
[info] 
┌─────────────────────────────────────────────────────────────┐
│ ✔  All emulators ready! It is now safe to connect your app. │
│ i  View Emulator UI at http://localhost:4001                │
└─────────────────────────────────────────────────────────────┘

┌───────────┬────────────────┬─────────────────────────────────┐
│ Emulator  │ Host:Port      │ View in Emulator UI             │
├───────────┼────────────────┼─────────────────────────────────┤
│ Functions │ localhost:5001 │ http://localhost:4001/functions │
├───────────┼────────────────┼─────────────────────────────────┤
│ Hosting   │ localhost:5000 │ n/a                             │
└───────────┴────────────────┴─────────────────────────────────┘
  Emulator Hub running at localhost:4400
  Other reserved ports: 4500

Issues? Report them at https://github.com/firebase/firebase-tools/issues and attach the *-debug.log files.
 
[debug] [2022-02-07T05:51:56.520Z] [worker-~diagnostic~-84a004ca-cd41-4bc2-9f43-2115b47d2211]: IDLE {"metadata":{"emulator":{"name":"functions"},"message":"[worker-~diagnostic~-84a004ca-cd41-4bc2-9f43-2115b47d2211]: IDLE"}}
[debug] [2022-02-07T06:00:10.454Z] ----------------------------------------------------------------------
[debug] [2022-02-07T06:00:10.455Z] Command:       C:\Program Files\nodejs\node.exe C:\Users\Atulya\AppData\Roaming\npm\node_modules\firebase-tools\lib\bin\firebase.js emulators:start
[debug] [2022-02-07T06:00:10.456Z] CLI Version:   10.1.4
[debug] [2022-02-07T06:00:10.456Z] Platform:      win32
[debug] [2022-02-07T06:00:10.456Z] Node Version:  v16.13.1
[debug] [2022-02-07T06:00:10.456Z] Time:          Mon Feb 07 2022 11:30:10 GMT+0530 (India Standard Time)
[debug] [2022-02-07T06:00:10.456Z] ----------------------------------------------------------------------
[debug] 
[debug] [2022-02-07T06:00:10.525Z] > command requires scopes: ["email","openid","https://www.googleapis.com/auth/cloudplatformprojects.readonly","https://www.googleapis.com/auth/firebase","https://www.googleapis.com/auth/cloud-platform"]
[debug] [2022-02-07T06:00:10.525Z] > authorizing via signed-in user (rajatulya2000r@gmail.com)
[info] i  emulators: Starting emulators: functions, hosting {"metadata":{"emulator":{"name":"hub"},"message":"Starting emulators: functions, hosting"}}
[warn] !  emulators: It seems that you are running multiple instances of the emulator suite for project essentials-dee90. This may result in unexpected behavior. 
[debug] [2022-02-07T06:00:10.558Z] [hub] writing locator at C:\Users\Atulya\AppData\Local\Temp\hub-essentials-dee90.json
[warn] !  functions: The following emulators are not running, calls to these services from the Functions emulator will affect production: auth, firestore, database, pubsub, storage {"metadata":{"emulator":{"name":"functions"},"message":"The following emulators are not running, calls to these services from the Functions emulator will affect production: \u001b[1mauth, firestore, database, pubsub, storage\u001b[22m"}}
[info] +  functions: Using node@16 from host. {"metadata":{"emulator":{"name":"functions"},"message":"Using node@16 from host."}}
[debug] [2022-02-07T06:00:10.611Z] defaultcredentials: writing to file C:\Users\Atulya\AppData\Roaming\firebase\rajatulya2000r_gmail_com_application_default_credentials.json
[debug] [2022-02-07T06:00:10.613Z] Setting GAC to C:\Users\Atulya\AppData\Roaming\firebase\rajatulya2000r_gmail_com_application_default_credentials.json {"metadata":{"emulator":{"name":"functions"},"message":"Setting GAC to C:\\Users\\Atulya\\AppData\\Roaming\\firebase\\rajatulya2000r_gmail_com_application_default_credentials.json"}}
[debug] [2022-02-07T06:00:10.616Z] >>> [apiv2][query] GET https://firebase.googleapis.com/v1beta1/projects/essentials-dee90/adminSdkConfig [none]
[debug] [2022-02-07T06:00:11.175Z] <<< [apiv2][status] GET https://firebase.googleapis.com/v1beta1/projects/essentials-dee90/adminSdkConfig 200
[debug] [2022-02-07T06:00:11.175Z] <<< [apiv2][body] GET https://firebase.googleapis.com/v1beta1/projects/essentials-dee90/adminSdkConfig {"projectId":"essentials-dee90","storageBucket":"essentials-dee90.appspot.com"}
[debug] [2022-02-07T06:00:11.186Z] >>> [apiv2][query] GET https://firebasehosting.googleapis.com/v1beta1/projects/essentials-dee90/sites 
[debug] [2022-02-07T06:00:12.937Z] <<< [apiv2][status] GET https://firebasehosting.googleapis.com/v1beta1/projects/essentials-dee90/sites 200
[debug] [2022-02-07T06:00:12.937Z] <<< [apiv2][body] GET https://firebasehosting.googleapis.com/v1beta1/projects/essentials-dee90/sites {"sites":[{"name":"projects/805049153557/sites/essentials-dee90","defaultUrl":"https://essentials-dee90.web.app","appId":"1:805049153557:web:5d6f441d7175ca8a53f61c","type":"DEFAULT_SITE"}]}
[debug] [2022-02-07T06:00:12.937Z] >>> [apiv2][query] GET https://firebase.googleapis.com/v1beta1/projects/essentials-dee90/webApps/1:805049153557:web:5d6f441d7175ca8a53f61c/config [none]
[debug] [2022-02-07T06:00:14.674Z] <<< [apiv2][status] GET https://firebase.googleapis.com/v1beta1/projects/essentials-dee90/webApps/1:805049153557:web:5d6f441d7175ca8a53f61c/config 200
[debug] [2022-02-07T06:00:14.674Z] <<< [apiv2][body] GET https://firebase.googleapis.com/v1beta1/projects/essentials-dee90/webApps/1:805049153557:web:5d6f441d7175ca8a53f61c/config {"projectId":"essentials-dee90","appId":"1:805049153557:web:5d6f441d7175ca8a53f61c","storageBucket":"essentials-dee90.appspot.com","apiKey":"AIzaSyC1FJvLy9UtMVl7UgWK2Uv4eLPr1fV4hCI","authDomain":"essentials-dee90.firebaseapp.com","messagingSenderId":"805049153557","measurementId":"G-JFTTLTRPSK"}
[info] i  hosting: Serving hosting files from: build {"metadata":{"emulator":{"name":"hosting"},"message":"Serving hosting files from: \u001b[1mbuild\u001b[22m"}}
[info] +  hosting: Local server: http://localhost:5000 {"metadata":{"emulator":{"name":"hosting"},"message":"Local server: \u001b[4m\u001b[1mhttp://localhost:5000\u001b[22m\u001b[24m"}}
[warn] !  ui: Emulator UI unable to start on port 4000, starting on 4002 instead. {"metadata":{"emulator":{"name":"ui"},"message":"Emulator UI unable to start on port 4000, starting on 4002 instead."}}
[debug] [2022-02-07T06:00:14.727Z] Ignoring unsupported arg: auto_download {"metadata":{"emulator":{"name":"ui"},"message":"Ignoring unsupported arg: auto_download"}}
[debug] [2022-02-07T06:00:14.727Z] Ignoring unsupported arg: port {"metadata":{"emulator":{"name":"ui"},"message":"Ignoring unsupported arg: port"}}
[debug] [2022-02-07T06:00:14.727Z] Starting Emulator UI with command {"binary":"node","args":["C:\\Users\\Atulya\\.cache\\firebase\\emulators\\ui-v1.6.4\\server.bundle.js"],"optionalArgs":[],"joinArgs":false} {"metadata":{"emulator":{"name":"ui"},"message":"Starting Emulator UI with command {\"binary\":\"node\",\"args\":[\"C:\\\\Users\\\\Atulya\\\\.cache\\\\firebase\\\\emulators\\\\ui-v1.6.4\\\\server.bundle.js\"],\"optionalArgs\":[],\"joinArgs\":false}"}}
[info] i  ui: Emulator UI logging to ui-debug.log {"metadata":{"emulator":{"name":"ui"},"message":"Emulator UI logging to \u001b[1mui-debug.log\u001b[22m"}}
[debug] [2022-02-07T06:00:14.845Z] Web / API server started at localhost:4002
 {"metadata":{"emulator":{"name":"ui"},"message":"Web / API server started at localhost:4002\n"}}
[info] i  functions: Watching "D:\Project 7th sem\Essesntials\essentials\functions" for Cloud Functions... {"metadata":{"emulator":{"name":"functions"},"message":"Watching \"D:\\Project 7th sem\\Essesntials\\essentials\\functions\" for Cloud Functions..."}}
[debug] [2022-02-07T06:00:15.014Z] [worker-pool] addWorker(~diagnostic~) {"metadata":{"emulator":{"name":"functions"},"message":"[worker-pool] addWorker(~diagnostic~)"}}
[debug] [2022-02-07T06:00:15.014Z] [worker-pool] Adding worker with key ~diagnostic~, total=1 {"metadata":{"emulator":{"name":"functions"},"message":"[worker-pool] Adding worker with key ~diagnostic~, total=1"}}
[debug] [2022-02-07T06:00:15.014Z] [worker-pool] submitWork(triggerId=) {"metadata":{"emulator":{"name":"functions"},"message":"[worker-pool] submitWork(triggerId=)"}}
[debug] [2022-02-07T06:00:15.015Z] [worker-~diagnostic~-e19a1162-66b4-4e90-9c57-705f2be15d67]: Assigning socketPath: \\?\pipe\D:\Project 7th sem\Essesntials\essentials\functions\5520 {"metadata":{"emulator":{"name":"functions"},"message":"[worker-~diagnostic~-e19a1162-66b4-4e90-9c57-705f2be15d67]: Assigning socketPath: \\\\?\\pipe\\D:\\Project 7th sem\\Essesntials\\essentials\\functions\\5520"}}
[debug] [2022-02-07T06:00:15.015Z] [worker-~diagnostic~-e19a1162-66b4-4e90-9c57-705f2be15d67]: BUSY {"metadata":{"emulator":{"name":"functions"},"message":"[worker-~diagnostic~-e19a1162-66b4-4e90-9c57-705f2be15d67]: BUSY"}}
[debug] [2022-02-07T06:00:15.183Z] [runtime-status] [5520] Functions runtime initialized. {"cwd":"D:\\Project 7th sem\\Essesntials\\essentials\\functions","node_version":"16.13.1"} {"metadata":{"emulator":{"name":"functions"},"message":"[runtime-status] [5520] Functions runtime initialized. {\"cwd\":\"D:\\\\Project 7th sem\\\\Essesntials\\\\essentials\\\\functions\",\"node_version\":\"16.13.1\"}"}}
[debug] [2022-02-07T06:00:15.183Z] [runtime-status] [5520] Disabled runtime features: undefined {"metadata":{"emulator":{"name":"functions"},"message":"[runtime-status] [5520] Disabled runtime features: undefined"}}
[debug] [2022-02-07T06:00:15.223Z] [runtime-status] [5520] Resolved module firebase-admin {"declared":true,"installed":true,"version":"9.12.0","resolution":"D:\\Project 7th sem\\Essesntials\\essentials\\functions\\node_modules\\firebase-admin\\lib\\index.js"} {"metadata":{"emulator":{"name":"functions"},"message":"[runtime-status] [5520] Resolved module firebase-admin {\"declared\":true,\"installed\":true,\"version\":\"9.12.0\",\"resolution\":\"D:\\\\Project 7th sem\\\\Essesntials\\\\essentials\\\\functions\\\\node_modules\\\\firebase-admin\\\\lib\\\\index.js\"}"}}
[debug] [2022-02-07T06:00:15.241Z] [runtime-status] [5520] Resolved module firebase-functions {"declared":true,"installed":true,"version":"3.17.1","resolution":"D:\\Project 7th sem\\Essesntials\\essentials\\functions\\node_modules\\firebase-functions\\lib\\index.js"} {"metadata":{"emulator":{"name":"functions"},"message":"[runtime-status] [5520] Resolved module firebase-functions {\"declared\":true,\"installed\":true,\"version\":\"3.17.1\",\"resolution\":\"D:\\\\Project 7th sem\\\\Essesntials\\\\essentials\\\\functions\\\\node_modules\\\\firebase-functions\\\\lib\\\\index.js\"}"}}
[debug] [2022-02-07T06:00:15.243Z] [runtime-status] [5520] Outgoing network have been stubbed. [{"name":"http","status":"mocked"},{"name":"http","status":"mocked"},{"name":"https","status":"mocked"},{"name":"https","status":"mocked"},{"name":"net","status":"mocked"}] {"metadata":{"emulator":{"name":"functions"},"message":"[runtime-status] [5520] Outgoing network have been stubbed. [{\"name\":\"http\",\"status\":\"mocked\"},{\"name\":\"http\",\"status\":\"mocked\"},{\"name\":\"https\",\"status\":\"mocked\"},{\"name\":\"https\",\"status\":\"mocked\"},{\"name\":\"net\",\"status\":\"mocked\"}]"}}
[debug] [2022-02-07T06:00:15.244Z] [runtime-status] [5520] Resolved module firebase-functions {"declared":true,"installed":true,"version":"3.17.1","resolution":"D:\\Project 7th sem\\Essesntials\\essentials\\functions\\node_modules\\firebase-functions\\lib\\index.js"} {"metadata":{"emulator":{"name":"functions"},"message":"[runtime-status] [5520] Resolved module firebase-functions {\"declared\":true,\"installed\":true,\"version\":\"3.17.1\",\"resolution\":\"D:\\\\Project 7th sem\\\\Essesntials\\\\essentials\\\\functions\\\\node_modules\\\\firebase-functions\\\\lib\\\\index.js\"}"}}
[debug] [2022-02-07T06:00:15.775Z] [runtime-status] [5520] Checked functions.config() {"config":{}} {"metadata":{"emulator":{"name":"functions"},"message":"[runtime-status] [5520] Checked functions.config() {\"config\":{}}"}}
[debug] [2022-02-07T06:00:15.776Z] [runtime-status] [5520] firebase-functions has been stubbed. {"functionsResolution":{"declared":true,"installed":true,"version":"3.17.1","resolution":"D:\\Project 7th sem\\Essesntials\\essentials\\functions\\node_modules\\firebase-functions\\lib\\index.js"}} {"metadata":{"emulator":{"name":"functions"},"message":"[runtime-status] [5520] firebase-functions has been stubbed. {\"functionsResolution\":{\"declared\":true,\"installed\":true,\"version\":\"3.17.1\",\"resolution\":\"D:\\\\Project 7th sem\\\\Essesntials\\\\essentials\\\\functions\\\\node_modules\\\\firebase-functions\\\\lib\\\\index.js\"}}"}}
[debug] [2022-02-07T06:00:15.777Z] [runtime-status] [5520] Resolved module firebase-functions {"declared":true,"installed":true,"version":"3.17.1","resolution":"D:\\Project 7th sem\\Essesntials\\essentials\\functions\\node_modules\\firebase-functions\\lib\\index.js"} {"metadata":{"emulator":{"name":"functions"},"message":"[runtime-status] [5520] Resolved module firebase-functions {\"declared\":true,\"installed\":true,\"version\":\"3.17.1\",\"resolution\":\"D:\\\\Project 7th sem\\\\Essesntials\\\\essentials\\\\functions\\\\node_modules\\\\firebase-functions\\\\lib\\\\index.js\"}"}}
[debug] [2022-02-07T06:00:15.778Z] [runtime-status] [5520] Resolved module firebase-admin {"declared":true,"installed":true,"version":"9.12.0","resolution":"D:\\Project 7th sem\\Essesntials\\essentials\\functions\\node_modules\\firebase-admin\\lib\\index.js"} {"metadata":{"emulator":{"name":"functions"},"message":"[runtime-status] [5520] Resolved module firebase-admin {\"declared\":true,\"installed\":true,\"version\":\"9.12.0\",\"resolution\":\"D:\\\\Project 7th sem\\\\Essesntials\\\\essentials\\\\functions\\\\node_modules\\\\firebase-admin\\\\lib\\\\index.js\"}"}}
[debug] [2022-02-07T06:00:15.779Z] [runtime-status] [5520] Resolved module firebase-functions {"declared":true,"installed":true,"version":"3.17.1","resolution":"D:\\Project 7th sem\\Essesntials\\essentials\\functions\\node_modules\\firebase-functions\\lib\\index.js"} {"metadata":{"emulator":{"name":"functions"},"message":"[runtime-status] [5520] Resolved module firebase-functions {\"declared\":true,\"installed\":true,\"version\":\"3.17.1\",\"resolution\":\"D:\\\\Project 7th sem\\\\Essesntials\\\\essentials\\\\functions\\\\node_modules\\\\firebase-functions\\\\lib\\\\index.js\"}"}}
[debug] [2022-02-07T06:00:15.779Z] [runtime-status] [5520] firebase-admin has been stubbed. {"adminResolution":{"declared":true,"installed":true,"version":"9.12.0","resolution":"D:\\Project 7th sem\\Essesntials\\essentials\\functions\\node_modules\\firebase-admin\\lib\\index.js"}} {"metadata":{"emulator":{"name":"functions"},"message":"[runtime-status] [5520] firebase-admin has been stubbed. {\"adminResolution\":{\"declared\":true,\"installed\":true,\"version\":\"9.12.0\",\"resolution\":\"D:\\\\Project 7th sem\\\\Essesntials\\\\essentials\\\\functions\\\\node_modules\\\\firebase-admin\\\\lib\\\\index.js\"}}"}}
[info] 
┌─────────────────────────────────────────────────────────────┐
│ ✔  All emulators ready! It is now safe to connect your app. │
│ i  View Emulator UI at http://localhost:4002                │
└─────────────────────────────────────────────────────────────┘

┌───────────┬────────────────┬─────────────────────────────────┐
│ Emulator  │ Host:Port      │ View in Emulator UI             │
├───────────┼────────────────┼─────────────────────────────────┤
│ Functions │ localhost:5001 │ http://localhost:4002/functions │
├───────────┼────────────────┼─────────────────────────────────┤
│ Hosting   │ localhost:5000 │ n/a                             │
└───────────┴────────────────┴─────────────────────────────────┘
  Emulator Hub running at localhost:4400
  Other reserved ports: 4500

Issues? Report them at https://github.com/firebase/firebase-tools/issues and attach the *-debug.log files.
 
[debug] [2022-02-07T06:00:15.800Z] [worker-~diagnostic~-e19a1162-66b4-4e90-9c57-705f2be15d67]: IDLE {"metadata":{"emulator":{"name":"functions"},"message":"[worker-~diagnostic~-e19a1162-66b4-4e90-9c57-705f2be15d67]: IDLE"}}
[debug] [2022-02-07T06:03:10.900Z] ----------------------------------------------------------------------
[debug] [2022-02-07T06:03:10.902Z] Command:       C:\Program Files\nodejs\node.exe C:\Users\Atulya\AppData\Roaming\npm\node_modules\firebase-tools\lib\bin\firebase.js emulators:start
[debug] [2022-02-07T06:03:10.903Z] CLI Version:   10.1.4
[debug] [2022-02-07T06:03:10.903Z] Platform:      win32
[debug] [2022-02-07T06:03:10.903Z] Node Version:  v16.13.1
[debug] [2022-02-07T06:03:10.903Z] Time:          Mon Feb 07 2022 11:33:10 GMT+0530 (India Standard Time)
[debug] [2022-02-07T06:03:10.903Z] ----------------------------------------------------------------------
[debug] 
[debug] [2022-02-07T06:03:10.970Z] > command requires scopes: ["email","openid","https://www.googleapis.com/auth/cloudplatformprojects.readonly","https://www.googleapis.com/auth/firebase","https://www.googleapis.com/auth/cloud-platform"]
[debug] [2022-02-07T06:03:10.970Z] > authorizing via signed-in user (rajatulya2000r@gmail.com)
[info] i  emulators: Starting emulators: functions, hosting {"metadata":{"emulator":{"name":"hub"},"message":"Starting emulators: functions, hosting"}}
[warn] !  emulators: It seems that you are running multiple instances of the emulator suite for project essentials-dee90. This may result in unexpected behavior. 
[debug] [2022-02-07T06:03:11.000Z] [hub] writing locator at C:\Users\Atulya\AppData\Local\Temp\hub-essentials-dee90.json
[warn] !  functions: The following emulators are not running, calls to these services from the Functions emulator will affect production: auth, firestore, database, pubsub, storage {"metadata":{"emulator":{"name":"functions"},"message":"The following emulators are not running, calls to these services from the Functions emulator will affect production: \u001b[1mauth, firestore, database, pubsub, storage\u001b[22m"}}
[info] +  functions: Using node@16 from host. {"metadata":{"emulator":{"name":"functions"},"message":"Using node@16 from host."}}
[debug] [2022-02-07T06:03:11.026Z] defaultcredentials: writing to file C:\Users\Atulya\AppData\Roaming\firebase\rajatulya2000r_gmail_com_application_default_credentials.json
[debug] [2022-02-07T06:03:11.029Z] Setting GAC to C:\Users\Atulya\AppData\Roaming\firebase\rajatulya2000r_gmail_com_application_default_credentials.json {"metadata":{"emulator":{"name":"functions"},"message":"Setting GAC to C:\\Users\\Atulya\\AppData\\Roaming\\firebase\\rajatulya2000r_gmail_com_application_default_credentials.json"}}
[debug] [2022-02-07T06:03:11.031Z] >>> [apiv2][query] GET https://firebase.googleapis.com/v1beta1/projects/essentials-dee90/adminSdkConfig [none]
[debug] [2022-02-07T06:03:22.105Z] Failed to get Admin SDK config for essentials-dee90, falling back to cacheFailed to get Admin SDK for Firebase project essentials-dee90. Please make sure the project exists and your account has permission to access it. {"name":"FirebaseError","children":[],"exit":2,"message":"Failed to get Admin SDK for Firebase project essentials-dee90. Please make sure the project exists and your account has permission to access it.","original":{"name":"FirebaseError","children":[],"exit":1,"message":"Failed to make request to https://firebase.googleapis.com/v1beta1/projects/essentials-dee90/adminSdkConfig","original":{"message":"request to https://firebase.googleapis.com/v1beta1/projects/essentials-dee90/adminSdkConfig failed, reason: getaddrinfo ENOTFOUND firebase.googleapis.com","type":"system","errno":"ENOTFOUND","code":"ENOTFOUND"},"status":500},"status":500}
[debug] [2022-02-07T06:03:22.113Z] >>> [apiv2][query] GET https://firebasehosting.googleapis.com/v1beta1/projects/essentials-dee90/sites 
[debug] [2022-02-07T06:03:23.786Z] <<< [apiv2][status] GET https://firebasehosting.googleapis.com/v1beta1/projects/essentials-dee90/sites 200
[debug] [2022-02-07T06:03:23.786Z] <<< [apiv2][body] GET https://firebasehosting.googleapis.com/v1beta1/projects/essentials-dee90/sites {"sites":[{"name":"projects/805049153557/sites/essentials-dee90","defaultUrl":"https://essentials-dee90.web.app","appId":"1:805049153557:web:5d6f441d7175ca8a53f61c","type":"DEFAULT_SITE"}]}
[debug] [2022-02-07T06:03:23.786Z] >>> [apiv2][query] GET https://firebase.googleapis.com/v1beta1/projects/essentials-dee90/webApps/1:805049153557:web:5d6f441d7175ca8a53f61c/config [none]
[debug] [2022-02-07T06:03:34.833Z] fetchWebSetup error: FirebaseError: Failed to make request to https://firebase.googleapis.com/v1beta1/projects/essentials-dee90/webApps/1:805049153557:web:5d6f441d7175ca8a53f61c/config
[warn] !  hosting: Using web app configuration from cache. 
[info] i  hosting: Serving hosting files from: build {"metadata":{"emulator":{"name":"hosting"},"message":"Serving hosting files from: \u001b[1mbuild\u001b[22m"}}
[info] +  hosting: Local server: http://localhost:5000 {"metadata":{"emulator":{"name":"hosting"},"message":"Local server: \u001b[4m\u001b[1mhttp://localhost:5000\u001b[22m\u001b[24m"}}
[warn] !  ui: Emulator UI unable to start on port 4000, starting on 4003 instead. {"metadata":{"emulator":{"name":"ui"},"message":"Emulator UI unable to start on port 4000, starting on 4003 instead."}}
[debug] [2022-02-07T06:03:34.879Z] Ignoring unsupported arg: auto_download {"metadata":{"emulator":{"name":"ui"},"message":"Ignoring unsupported arg: auto_download"}}
[debug] [2022-02-07T06:03:34.879Z] Ignoring unsupported arg: port {"metadata":{"emulator":{"name":"ui"},"message":"Ignoring unsupported arg: port"}}
[debug] [2022-02-07T06:03:34.879Z] Starting Emulator UI with command {"binary":"node","args":["C:\\Users\\Atulya\\.cache\\firebase\\emulators\\ui-v1.6.4\\server.bundle.js"],"optionalArgs":[],"joinArgs":false} {"metadata":{"emulator":{"name":"ui"},"message":"Starting Emulator UI with command {\"binary\":\"node\",\"args\":[\"C:\\\\Users\\\\Atulya\\\\.cache\\\\firebase\\\\emulators\\\\ui-v1.6.4\\\\server.bundle.js\"],\"optionalArgs\":[],\"joinArgs\":false}"}}
[info] i  ui: Emulator UI logging to ui-debug.log {"metadata":{"emulator":{"name":"ui"},"message":"Emulator UI logging to \u001b[1mui-debug.log\u001b[22m"}}
[debug] [2022-02-07T06:03:34.993Z] Web / API server started at localhost:4003
 {"metadata":{"emulator":{"name":"ui"},"message":"Web / API server started at localhost:4003\n"}}
[info] i  functions: Watching "D:\Project 7th sem\Essesntials\essentials\functions" for Cloud Functions... {"metadata":{"emulator":{"name":"functions"},"message":"Watching \"D:\\Project 7th sem\\Essesntials\\essentials\\functions\" for Cloud Functions..."}}
[debug] [2022-02-07T06:03:35.160Z] [worker-pool] addWorker(~diagnostic~) {"metadata":{"emulator":{"name":"functions"},"message":"[worker-pool] addWorker(~diagnostic~)"}}
[debug] [2022-02-07T06:03:35.160Z] [worker-pool] Adding worker with key ~diagnostic~, total=1 {"metadata":{"emulator":{"name":"functions"},"message":"[worker-pool] Adding worker with key ~diagnostic~, total=1"}}
[debug] [2022-02-07T06:03:35.161Z] [worker-pool] submitWork(triggerId=) {"metadata":{"emulator":{"name":"functions"},"message":"[worker-pool] submitWork(triggerId=)"}}
[debug] [2022-02-07T06:03:35.161Z] [worker-~diagnostic~-be6b1e95-f85b-4fba-ad7a-18be26c92406]: Assigning socketPath: \\?\pipe\D:\Project 7th sem\Essesntials\essentials\functions\2868 {"metadata":{"emulator":{"name":"functions"},"message":"[worker-~diagnostic~-be6b1e95-f85b-4fba-ad7a-18be26c92406]: Assigning socketPath: \\\\?\\pipe\\D:\\Project 7th sem\\Essesntials\\essentials\\functions\\2868"}}
[debug] [2022-02-07T06:03:35.161Z] [worker-~diagnostic~-be6b1e95-f85b-4fba-ad7a-18be26c92406]: BUSY {"metadata":{"emulator":{"name":"functions"},"message":"[worker-~diagnostic~-be6b1e95-f85b-4fba-ad7a-18be26c92406]: BUSY"}}
[debug] [2022-02-07T06:03:35.337Z] [runtime-status] [2868] Functions runtime initialized. {"cwd":"D:\\Project 7th sem\\Essesntials\\essentials\\functions","node_version":"16.13.1"} {"metadata":{"emulator":{"name":"functions"},"message":"[runtime-status] [2868] Functions runtime initialized. {\"cwd\":\"D:\\\\Project 7th sem\\\\Essesntials\\\\essentials\\\\functions\",\"node_version\":\"16.13.1\"}"}}
[debug] [2022-02-07T06:03:35.337Z] [runtime-status] [2868] Disabled runtime features: undefined {"metadata":{"emulator":{"name":"functions"},"message":"[runtime-status] [2868] Disabled runtime features: undefined"}}
[debug] [2022-02-07T06:03:35.341Z] [runtime-status] [2868] Resolved module firebase-admin {"declared":true,"installed":true,"version":"9.12.0","resolution":"D:\\Project 7th sem\\Essesntials\\essentials\\functions\\node_modules\\firebase-admin\\lib\\index.js"} {"metadata":{"emulator":{"name":"functions"},"message":"[runtime-status] [2868] Resolved module firebase-admin {\"declared\":true,\"installed\":true,\"version\":\"9.12.0\",\"resolution\":\"D:\\\\Project 7th sem\\\\Essesntials\\\\essentials\\\\functions\\\\node_modules\\\\firebase-admin\\\\lib\\\\index.js\"}"}}
[debug] [2022-02-07T06:03:35.344Z] [runtime-status] [2868] Resolved module firebase-functions {"declared":true,"installed":true,"version":"3.17.1","resolution":"D:\\Project 7th sem\\Essesntials\\essentials\\functions\\node_modules\\firebase-functions\\lib\\index.js"} {"metadata":{"emulator":{"name":"functions"},"message":"[runtime-status] [2868] Resolved module firebase-functions {\"declared\":true,\"installed\":true,\"version\":\"3.17.1\",\"resolution\":\"D:\\\\Project 7th sem\\\\Essesntials\\\\essentials\\\\functions\\\\node_modules\\\\firebase-functions\\\\lib\\\\index.js\"}"}}
[debug] [2022-02-07T06:03:35.345Z] [runtime-status] [2868] Outgoing network have been stubbed. [{"name":"http","status":"mocked"},{"name":"http","status":"mocked"},{"name":"https","status":"mocked"},{"name":"https","status":"mocked"},{"name":"net","status":"mocked"}] {"metadata":{"emulator":{"name":"functions"},"message":"[runtime-status] [2868] Outgoing network have been stubbed. [{\"name\":\"http\",\"status\":\"mocked\"},{\"name\":\"http\",\"status\":\"mocked\"},{\"name\":\"https\",\"status\":\"mocked\"},{\"name\":\"https\",\"status\":\"mocked\"},{\"name\":\"net\",\"status\":\"mocked\"}]"}}
[debug] [2022-02-07T06:03:35.347Z] [runtime-status] [2868] Resolved module firebase-functions {"declared":true,"installed":true,"version":"3.17.1","resolution":"D:\\Project 7th sem\\Essesntials\\essentials\\functions\\node_modules\\firebase-functions\\lib\\index.js"} {"metadata":{"emulator":{"name":"functions"},"message":"[runtime-status] [2868] Resolved module firebase-functions {\"declared\":true,\"installed\":true,\"version\":\"3.17.1\",\"resolution\":\"D:\\\\Project 7th sem\\\\Essesntials\\\\essentials\\\\functions\\\\node_modules\\\\firebase-functions\\\\lib\\\\index.js\"}"}}
[debug] [2022-02-07T06:03:35.398Z] [runtime-status] [2868] Checked functions.config() {"config":{}} {"metadata":{"emulator":{"name":"functions"},"message":"[runtime-status] [2868] Checked functions.config() {\"config\":{}}"}}
[debug] [2022-02-07T06:03:35.399Z] [runtime-status] [2868] firebase-functions has been stubbed. {"functionsResolution":{"declared":true,"installed":true,"version":"3.17.1","resolution":"D:\\Project 7th sem\\Essesntials\\essentials\\functions\\node_modules\\firebase-functions\\lib\\index.js"}} {"metadata":{"emulator":{"name":"functions"},"message":"[runtime-status] [2868] firebase-functions has been stubbed. {\"functionsResolution\":{\"declared\":true,\"installed\":true,\"version\":\"3.17.1\",\"resolution\":\"D:\\\\Project 7th sem\\\\Essesntials\\\\essentials\\\\functions\\\\node_modules\\\\firebase-functions\\\\lib\\\\index.js\"}}"}}
[debug] [2022-02-07T06:03:35.399Z] [runtime-status] [2868] Resolved module firebase-functions {"declared":true,"installed":true,"version":"3.17.1","resolution":"D:\\Project 7th sem\\Essesntials\\essentials\\functions\\node_modules\\firebase-functions\\lib\\index.js"} {"metadata":{"emulator":{"name":"functions"},"message":"[runtime-status] [2868] Resolved module firebase-functions {\"declared\":true,\"installed\":true,\"version\":\"3.17.1\",\"resolution\":\"D:\\\\Project 7th sem\\\\Essesntials\\\\essentials\\\\functions\\\\node_modules\\\\firebase-functions\\\\lib\\\\index.js\"}"}}
[debug] [2022-02-07T06:03:35.401Z] [runtime-status] [2868] Resolved module firebase-admin {"declared":true,"installed":true,"version":"9.12.0","resolution":"D:\\Project 7th sem\\Essesntials\\essentials\\functions\\node_modules\\firebase-admin\\lib\\index.js"} {"metadata":{"emulator":{"name":"functions"},"message":"[runtime-status] [2868] Resolved module firebase-admin {\"declared\":true,\"installed\":true,\"version\":\"9.12.0\",\"resolution\":\"D:\\\\Project 7th sem\\\\Essesntials\\\\essentials\\\\functions\\\\node_modules\\\\firebase-admin\\\\lib\\\\index.js\"}"}}
[debug] [2022-02-07T06:03:35.402Z] [runtime-status] [2868] Resolved module firebase-functions {"declared":true,"installed":true,"version":"3.17.1","resolution":"D:\\Project 7th sem\\Essesntials\\essentials\\functions\\node_modules\\firebase-functions\\lib\\index.js"} {"metadata":{"emulator":{"name":"functions"},"message":"[runtime-status] [2868] Resolved module firebase-functions {\"declared\":true,\"installed\":true,\"version\":\"3.17.1\",\"resolution\":\"D:\\\\Project 7th sem\\\\Essesntials\\\\essentials\\\\functions\\\\node_modules\\\\firebase-functions\\\\lib\\\\index.js\"}"}}
[debug] [2022-02-07T06:03:35.402Z] [runtime-status] [2868] firebase-admin has been stubbed. {"adminResolution":{"declared":true,"installed":true,"version":"9.12.0","resolution":"D:\\Project 7th sem\\Essesntials\\essentials\\functions\\node_modules\\firebase-admin\\lib\\index.js"}} {"metadata":{"emulator":{"name":"functions"},"message":"[runtime-status] [2868] firebase-admin has been stubbed. {\"adminResolution\":{\"declared\":true,\"installed\":true,\"version\":\"9.12.0\",\"resolution\":\"D:\\\\Project 7th sem\\\\Essesntials\\\\essentials\\\\functions\\\\node_modules\\\\firebase-admin\\\\lib\\\\index.js\"}}"}}
[info] 
┌─────────────────────────────────────────────────────────────┐
│ ✔  All emulators ready! It is now safe to connect your app. │
│ i  View Emulator UI at http://localhost:4003                │
└─────────────────────────────────────────────────────────────┘

┌───────────┬────────────────┬─────────────────────────────────┐
│ Emulator  │ Host:Port      │ View in Emulator UI             │
├───────────┼────────────────┼─────────────────────────────────┤
│ Functions │ localhost:5001 │ http://localhost:4003/functions │
├───────────┼────────────────┼─────────────────────────────────┤
│ Hosting   │ localhost:5000 │ n/a                             │
└───────────┴────────────────┴─────────────────────────────────┘
  Emulator Hub running at localhost:4400
  Other reserved ports: 4500

Issues? Report them at https://github.com/firebase/firebase-tools/issues and attach the *-debug.log files.
 
[debug] [2022-02-07T06:03:35.411Z] [worker-~diagnostic~-be6b1e95-f85b-4fba-ad7a-18be26c92406]: IDLE {"metadata":{"emulator":{"name":"functions"},"message":"[worker-~diagnostic~-be6b1e95-f85b-4fba-ad7a-18be26c92406]: IDLE"}}
[debug] [2022-02-07T06:04:51.437Z] [work-queue] {"queueLength":1,"workRunningCount":0}
[debug] [2022-02-07T06:04:51.438Z] [work-queue] {"queueLength":0,"workRunningCount":1}
[debug] [2022-02-07T06:04:51.438Z] [work-queue] {"queueLength":0,"workRunningCount":0}
[debug] [2022-02-07T06:04:51.480Z] Functions emulator received unknown request at path /favicon.ico
